<?xml version="1.0" encoding="UTF-8"?>
<!-- Generated by org.testng.reporters.JUnitXMLReporter -->
<testsuite ignored="0" hostname="DESKTOP-P53AVDF" failures="1" tests="8" name="Tests Running on Edge" time="6.435" errors="0" timestamp="2024-04-24T16:25:06 EDT">
  <testcase classname="MyTests.FirstSeleniumScript" name="aha" time="0.507"/>
  <testcase classname="MyTests.FirstSeleniumScript" name="dataProviderTest" time="0.001"/>
  <testcase classname="MyTests.FirstSeleniumScript" name="dataProviderTest" time="0.001"/>
  <testcase classname="MyTests.FirstSeleniumScript" name="dataProviderTest" time="0.002"/>
  <testcase classname="MyTests.FirstSeleniumScript" name="demo0" time="0.025">
    <skipped/>
  </testcase> <!-- demo0 -->
  <testcase classname="MyTests.FirstSeleniumScript" name="demo0" time="0.015">
    <skipped/>
  </testcase> <!-- demo0 -->
  <testcase classname="MyTests.FirstSeleniumScript" name="demo0" time="0.018">
    <skipped/>
  </testcase> <!-- demo0 -->
  <testcase classname="MyTests.FirstSeleniumScript" name="demo0" time="0.014">
    <failure type="java.lang.AssertionError" message="The following asserts failed:
	expected [Selenium] but found [Seleniu]">
      <![CDATA[java.lang.AssertionError: The following asserts failed:
expected [Selenium] but found [Seleniu]
at MyTests.FirstSeleniumScript.demo0(FirstSeleniumScript.java:21)
at java.base/java.util.ArrayList.forEach(ArrayList.java:1511)
... Removed 29 stack frames]]>
    </failure>
  </testcase> <!-- demo0 -->
</testsuite> <!-- Tests Running on Edge -->
