<?xml version="1.0" encoding="UTF-8"?>
<!-- Generated by org.testng.reporters.JUnitXMLReporter -->
<testsuite ignored="0" hostname="DESKTOP-P53AVDF" failures="2" tests="9" name="Tests" time="8.011" errors="0" timestamp="2024-04-23T17:05:21 EDT">
  <testcase classname="MyTests.FirstSeleniumScript" name="aha" time="0.968"/>
  <testcase classname="MyTests.FirstSeleniumScript" name="demo0" time="0.014">
    <skipped/>
  </testcase> <!-- demo0 -->
  <testcase classname="MyTests.FirstSeleniumScript" name="demo0" time="0.014">
    <skipped/>
  </testcase> <!-- demo0 -->
  <testcase classname="MyTests.FirstSeleniumScript" name="demo0" time="0.012">
    <skipped/>
  </testcase> <!-- demo0 -->
  <testcase classname="MyTests.FirstSeleniumScript" name="demo0" time="0.014">
    <failure type="java.lang.AssertionError" message="expected [Selenium] but found [Seleniu]">
      <![CDATA[java.lang.AssertionError: expected [Selenium] but found [Seleniu]
at MyTests.FirstSeleniumScript.demo0(FirstSeleniumScript.java:17)
at java.base/java.util.ArrayList.forEach(ArrayList.java:1511)
... Removed 33 stack frames]]>
    </failure>
  </testcase> <!-- demo0 -->
  <testcase classname="MyTests.FirstSeleniumScript" name="demo1" time="0.041">
    <skipped/>
  </testcase> <!-- demo1 -->
  <testcase classname="MyTests.FirstSeleniumScript" name="demo1" time="0.048">
    <skipped/>
  </testcase> <!-- demo1 -->
  <testcase classname="MyTests.FirstSeleniumScript" name="demo1" time="0.045">
    <skipped/>
  </testcase> <!-- demo1 -->
  <testcase classname="MyTests.FirstSeleniumScript" name="demo1" time="0.043">
    <failure type="java.lang.AssertionError" message="expected [8] but found [2]">
      <![CDATA[java.lang.AssertionError: expected [8] but found [2]
at MyTests.FirstSeleniumScript.demo1(FirstSeleniumScript.java:31)
at java.base/java.util.ArrayList.forEach(ArrayList.java:1511)
... Removed 33 stack frames]]>
    </failure>
  </testcase> <!-- demo1 -->
</testsuite> <!-- Tests -->
