<!DOCTYPE html>

<html>
  <head>
  <meta charset='utf-8'>
  <title>TestNG reports</title>

    <link type="text/css" href="testng-reports1.css" rel="stylesheet" id="ultra" />
    <link type="text/css" href="testng-reports.css" rel="stylesheet" id="retro" disabled="false"/>
    <script type="text/javascript" src="jquery.min.js"></script>
    <script type="text/javascript" src="testng-reports.js"></script>
    <script type="text/javascript" src="https://www.google.com/jsapi"></script>
    <script type='text/javascript'>
      google.load('visualization', '1', {packages:['table']});
      google.setOnLoadCallback(drawTable);
      var suiteTableInitFunctions = new Array();
      var suiteTableData = new Array();
    </script>
    <!--
      <script type="text/javascript" src="jquery-ui/js/jquery-ui-1.8.16.custom.min.js"></script>
     -->
  </head>

  <body>
    <div class="top-banner-root">
      <span class="top-banner-title-font">Test results</span>
      <button id="button" class="button">Switch Retro Theme</button> <!-- button -->
      <br/>
      <span class="top-banner-font-1">1 suite, 3 failed tests</span>
    </div> <!-- top-banner-root -->
    <div class="navigator-root">
      <div class="navigator-suite-header">
        <span>All suites</span>
        <a href="#" title="Collapse/expand all the suites" class="collapse-all-link">
          <img src="collapseall.gif" class="collapse-all-icon">
          </img> <!-- collapse-all-icon -->
        </a> <!-- collapse-all-link -->
      </div> <!-- navigator-suite-header -->
      <div class="suite">
        <div class="rounded-window">
          <div class="suite-header light-rounded-window-top">
            <a href="#" panel-name="suite-Parallel_Testing_Suite" class="navigator-link">
              <span class="suite-name border-failed">Parallel Testing Suite</span>
            </a> <!-- navigator-link -->
          </div> <!-- suite-header light-rounded-window-top -->
          <div class="navigator-suite-content">
            <div class="suite-section-title">
              <span>Info</span>
            </div> <!-- suite-section-title -->
            <div class="suite-section-content">
              <ul>
                <li>
                  <a href="#" panel-name="test-xml-Parallel_Testing_Suite" class="navigator-link ">
                    <span>C:\Users\siddu\eclipse-workspace\Selenium_Java\src\test\resources\testng.xml</span>
                  </a> <!-- navigator-link  -->
                </li>
                <li>
                  <a href="#" panel-name="testlist-Parallel_Testing_Suite" class="navigator-link ">
                    <span class="test-stats">1 test</span>
                  </a> <!-- navigator-link  -->
                </li>
                <li>
                  <a href="#" panel-name="group-Parallel_Testing_Suite" class="navigator-link ">
                    <span>1 group</span>
                  </a> <!-- navigator-link  -->
                </li>
                <li>
                  <a href="#" panel-name="times-Parallel_Testing_Suite" class="navigator-link ">
                    <span>Times</span>
                  </a> <!-- navigator-link  -->
                </li>
                <li>
                  <a href="#" panel-name="reporter-Parallel_Testing_Suite" class="navigator-link ">
                    <span>Reporter output</span>
                  </a> <!-- navigator-link  -->
                </li>
                <li>
                  <a href="#" panel-name="ignored-methods-Parallel_Testing_Suite" class="navigator-link ">
                    <span>Ignored methods</span>
                  </a> <!-- navigator-link  -->
                </li>
                <li>
                  <a href="#" panel-name="chronological-Parallel_Testing_Suite" class="navigator-link ">
                    <span>Chronological view</span>
                  </a> <!-- navigator-link  -->
                </li>
              </ul>
            </div> <!-- suite-section-content -->
            <div class="result-section">
              <div class="suite-section-title">
                <span>Results</span>
              </div> <!-- suite-section-title -->
              <div class="suite-section-content">
                <ul>
                  <li>
                    <span class="method-stats">12 methods, 3 failed,  6 skipped,  3 passed</span>
                  </li>
                  <li>
                    <span class="method-list-title failed">Failed methods</span>
                    <span class="show-or-hide-methods failed">
                      <a href="#" panel-name="suite-Parallel_Testing_Suite" class="hide-methods failed suite-Parallel_Testing_Suite"> (hide)</a> <!-- hide-methods failed suite-Parallel_Testing_Suite -->
                      <a href="#" panel-name="suite-Parallel_Testing_Suite" class="show-methods failed suite-Parallel_Testing_Suite"> (show)</a> <!-- show-methods failed suite-Parallel_Testing_Suite -->
                    </span>
                    <div class="method-list-content failed suite-Parallel_Testing_Suite">
                      <span>
                        <img src="failed.png" width="3%"/>
                        <a href="#" panel-name="suite-Parallel_Testing_Suite" title="MyTests.FirstSeleniumScript" class="method navigator-link" hash-for-method="aha">aha</a> <!-- method navigator-link -->
                      </span>
                      <br/>
                      <span>
                        <img src="failed.png" width="3%"/>
                        <a href="#" panel-name="suite-Parallel_Testing_Suite" title="MyTests.FirstSeleniumScript" class="method navigator-link" hash-for-method="demo0">demo0</a> <!-- method navigator-link -->
                      </span>
                      <br/>
                      <span>
                        <img src="failed.png" width="3%"/>
                        <a href="#" panel-name="suite-Parallel_Testing_Suite" title="MyTests.FirstSeleniumScript" class="method navigator-link" hash-for-method="demo1">demo1</a> <!-- method navigator-link -->
                      </span>
                      <br/>
                    </div> <!-- method-list-content failed suite-Parallel_Testing_Suite -->
                  </li>
                  <li>
                    <span class="method-list-title skipped">Retried methods</span>
                    <span class="show-or-hide-methods skipped">
                      <a href="#" panel-name="suite-Parallel_Testing_Suite" class="hide-methods skipped suite-Parallel_Testing_Suite"> (hide)</a> <!-- hide-methods skipped suite-Parallel_Testing_Suite -->
                      <a href="#" panel-name="suite-Parallel_Testing_Suite" class="show-methods skipped suite-Parallel_Testing_Suite"> (show)</a> <!-- show-methods skipped suite-Parallel_Testing_Suite -->
                    </span>
                    <div class="method-list-content skipped suite-Parallel_Testing_Suite">
                      <span>
                        <img src="skipped.png" width="3%"/>
                        <a href="#" panel-name="suite-Parallel_Testing_Suite" title="MyTests.FirstSeleniumScript" class="method navigator-link" hash-for-method="aha">aha</a> <!-- method navigator-link -->
                      </span>
                      <br/>
                      <span>
                        <img src="skipped.png" width="3%"/>
                        <a href="#" panel-name="suite-Parallel_Testing_Suite" title="MyTests.FirstSeleniumScript" class="method navigator-link" hash-for-method="aha">aha</a> <!-- method navigator-link -->
                      </span>
                      <br/>
                      <span>
                        <img src="skipped.png" width="3%"/>
                        <a href="#" panel-name="suite-Parallel_Testing_Suite" title="MyTests.FirstSeleniumScript" class="method navigator-link" hash-for-method="demo0">demo0</a> <!-- method navigator-link -->
                      </span>
                      <br/>
                      <span>
                        <img src="skipped.png" width="3%"/>
                        <a href="#" panel-name="suite-Parallel_Testing_Suite" title="MyTests.FirstSeleniumScript" class="method navigator-link" hash-for-method="demo0">demo0</a> <!-- method navigator-link -->
                      </span>
                      <br/>
                      <span>
                        <img src="skipped.png" width="3%"/>
                        <a href="#" panel-name="suite-Parallel_Testing_Suite" title="MyTests.FirstSeleniumScript" class="method navigator-link" hash-for-method="demo1">demo1</a> <!-- method navigator-link -->
                      </span>
                      <br/>
                      <span>
                        <img src="skipped.png" width="3%"/>
                        <a href="#" panel-name="suite-Parallel_Testing_Suite" title="MyTests.FirstSeleniumScript" class="method navigator-link" hash-for-method="demo1">demo1</a> <!-- method navigator-link -->
                      </span>
                      <br/>
                    </div> <!-- method-list-content skipped suite-Parallel_Testing_Suite -->
                  </li>
                  <li>
                    <span class="method-list-title passed">Passed methods</span>
                    <span class="show-or-hide-methods passed">
                      <a href="#" panel-name="suite-Parallel_Testing_Suite" class="hide-methods passed suite-Parallel_Testing_Suite"> (hide)</a> <!-- hide-methods passed suite-Parallel_Testing_Suite -->
                      <a href="#" panel-name="suite-Parallel_Testing_Suite" class="show-methods passed suite-Parallel_Testing_Suite"> (show)</a> <!-- show-methods passed suite-Parallel_Testing_Suite -->
                    </span>
                    <div class="method-list-content passed suite-Parallel_Testing_Suite">
                      <span>
                        <img src="passed.png" width="3%"/>
                        <a href="#" panel-name="suite-Parallel_Testing_Suite" title="MyTests.FirstSeleniumScript" class="method navigator-link" hash-for-method="dataProviderTest(Bharath, ATP)">dataProviderTest(Bharath, ATP)</a> <!-- method navigator-link -->
                      </span>
                      <br/>
                      <span>
                        <img src="passed.png" width="3%"/>
                        <a href="#" panel-name="suite-Parallel_Testing_Suite" title="MyTests.FirstSeleniumScript" class="method navigator-link" hash-for-method="dataProviderTest(Sne, ATP)">dataProviderTest(Sne, ATP)</a> <!-- method navigator-link -->
                      </span>
                      <br/>
                      <span>
                        <img src="passed.png" width="3%"/>
                        <a href="#" panel-name="suite-Parallel_Testing_Suite" title="MyTests.FirstSeleniumScript" class="method navigator-link" hash-for-method="dataProviderTest(Sreedhar, KNL)">dataProviderTest(Sreedhar, KNL)</a> <!-- method navigator-link -->
                      </span>
                      <br/>
                    </div> <!-- method-list-content passed suite-Parallel_Testing_Suite -->
                  </li>
                </ul>
              </div> <!-- suite-section-content -->
            </div> <!-- result-section -->
          </div> <!-- navigator-suite-content -->
        </div> <!-- rounded-window -->
      </div> <!-- suite -->
    </div> <!-- navigator-root -->
    <div class="wrapper">
      <div class="main-panel-root">
        <div panel-name="suite-Parallel_Testing_Suite" class="panel Parallel_Testing_Suite">
          <div class="suite-Parallel_Testing_Suite-class-failed">
            <div class="main-panel-header rounded-window-top">
              <img src="failed.png"/>
              <span class="class-name">MyTests.FirstSeleniumScript</span>
            </div> <!-- main-panel-header rounded-window-top -->
            <div class="main-panel-content rounded-window-bottom">
              <div class="method">
                <div class="method-content">
                  <a name="aha">
                  </a> <!-- aha -->
                  <span class="method-name">aha</span>
                  <div class="stack-trace">org.openqa.selenium.NoSuchElementException: no such element: element not found
  (Session info: chrome=127.0.6533.89)
For documentation on this error, please visit: https://www.selenium.dev/documentation/webdriver/troubleshooting/errors#no-such-element-exception
Build info: version: &apos;4.19.1&apos;, revision: &apos;abe0ee07dc&apos;
System info: os.name: &apos;Windows 10&apos;, os.arch: &apos;amd64&apos;, os.version: &apos;10.0&apos;, java.version: &apos;17.0.11&apos;
Driver info: org.openqa.selenium.chrome.ChromeDriver
Command: [ef779a0d5e36b82a3b78f6ecf57610e1, getElementAttribute {id=f.5184EC56681EB926CD47A332EC6E964B.d.7624A5A13ACEB8943D87D33B3A662816.e.121, name=innerText}]
Capabilities {acceptInsecureCerts: false, browserName: chrome, browserVersion: 127.0.6533.89, chrome: {chromedriverVersion: 127.0.6533.88 (a2d0cb026721..., userDataDir: C:\Users\siddu\AppData\Loca...}, fedcm:accounts: true, goog:chromeOptions: {debuggerAddress: localhost:12817}, networkConnectionEnabled: false, pageLoadStrategy: normal, platformName: windows, proxy: Proxy(), se:cdp: ws://localhost:12817/devtoo..., se:cdpVersion: 127.0.6533.89, setWindowRect: true, strictFileInteractability: false, timeouts: {implicit: 0, pageLoad: 300000, script: 30000}, unhandledPromptBehavior: dismiss and notify, webauthn:extension:credBlob: true, webauthn:extension:largeBlob: true, webauthn:extension:minPinLength: true, webauthn:extension:prf: true, webauthn:virtualAuthenticators: true}
Element: [[ChromeDriver: chrome on windows (ef779a0d5e36b82a3b78f6ecf57610e1)] -&gt; xpath: //div[@id=&apos;main_navbar&apos;]//li//a]
Session ID: ef779a0d5e36b82a3b78f6ecf57610e1
	at org.openqa.selenium.remote.ErrorCodec.decode(ErrorCodec.java:167)
	at org.openqa.selenium.remote.codec.w3c.W3CHttpResponseCodec.decode(W3CHttpResponseCodec.java:138)
	at org.openqa.selenium.remote.codec.w3c.W3CHttpResponseCodec.decode(W3CHttpResponseCodec.java:50)
	at org.openqa.selenium.remote.HttpCommandExecutor.execute(HttpCommandExecutor.java:190)
	at org.openqa.selenium.remote.service.DriverCommandExecutor.invokeExecute(DriverCommandExecutor.java:216)
	at org.openqa.selenium.remote.service.DriverCommandExecutor.execute(DriverCommandExecutor.java:174)
	at org.openqa.selenium.remote.RemoteWebDriver.execute(RemoteWebDriver.java:518)
	at org.openqa.selenium.remote.RemoteWebElement.execute(RemoteWebElement.java:223)
	at org.openqa.selenium.remote.RemoteWebElement.getAttribute(RemoteWebElement.java:149)
	at MyTests.FirstSeleniumScript.aha(FirstSeleniumScript.java:82)
	at java.base/java.util.concurrent.ThreadPoolExecutor.runWorker(ThreadPoolExecutor.java:1136)
	at java.base/java.util.concurrent.ThreadPoolExecutor$Worker.run(ThreadPoolExecutor.java:635)
	at java.base/java.lang.Thread.run(Thread.java:842)
... Removed 17 stack frames
</div> <!-- stack-trace -->
                </div> <!-- method-content -->
              </div> <!-- method -->
              <div class="method">
                <div class="method-content">
                  <a name="demo0">
                  </a> <!-- demo0 -->
                  <span class="method-name">demo0</span>
                  <div class="stack-trace">java.lang.AssertionError: The following asserts failed:
	expected [Selenium] but found [Seleniu]
	at MyTests.FirstSeleniumScript.demo0(FirstSeleniumScript.java:23)
	at java.base/java.util.concurrent.ThreadPoolExecutor.runWorker(ThreadPoolExecutor.java:1136)
	at java.base/java.util.concurrent.ThreadPoolExecutor$Worker.run(ThreadPoolExecutor.java:635)
	at java.base/java.lang.Thread.run(Thread.java:842)
... Removed 14 stack frames
</div> <!-- stack-trace -->
                </div> <!-- method-content -->
              </div> <!-- method -->
              <div class="method">
                <div class="method-content">
                  <a name="demo1">
                  </a> <!-- demo1 -->
                  <span class="method-name">demo1</span>
                  <div class="stack-trace">java.lang.AssertionError: expected [8] but found [2]
	at MyTests.FirstSeleniumScript.demo1(FirstSeleniumScript.java:73)
	at java.base/java.util.concurrent.ThreadPoolExecutor.runWorker(ThreadPoolExecutor.java:1136)
	at java.base/java.util.concurrent.ThreadPoolExecutor$Worker.run(ThreadPoolExecutor.java:635)
	at java.base/java.lang.Thread.run(Thread.java:842)
... Removed 18 stack frames
</div> <!-- stack-trace -->
                </div> <!-- method-content -->
              </div> <!-- method -->
            </div> <!-- main-panel-content rounded-window-bottom -->
          </div> <!-- suite-Parallel_Testing_Suite-class-failed -->
          <div class="suite-Parallel_Testing_Suite-class-skipped">
            <div class="main-panel-header rounded-window-top">
              <img src="skipped.png"/>
              <span class="class-name">MyTests.FirstSeleniumScript</span>
            </div> <!-- main-panel-header rounded-window-top -->
            <div class="main-panel-content rounded-window-bottom">
              <div class="method">
                <div class="method-content">
                  <a name="aha">
                  </a> <!-- aha -->
                  <span class="method-name">aha</span>
                  <div class="stack-trace">org.openqa.selenium.StaleElementReferenceException: stale element reference: stale element not found
  (Session info: chrome=127.0.6533.89)
For documentation on this error, please visit: https://www.selenium.dev/documentation/webdriver/troubleshooting/errors#stale-element-reference-exception
Build info: version: &apos;4.19.1&apos;, revision: &apos;abe0ee07dc&apos;
System info: os.name: &apos;Windows 10&apos;, os.arch: &apos;amd64&apos;, os.version: &apos;10.0&apos;, java.version: &apos;17.0.11&apos;
Driver info: org.openqa.selenium.chrome.ChromeDriver
Command: [ef779a0d5e36b82a3b78f6ecf57610e1, getElementAttribute {id=f.5184EC56681EB926CD47A332EC6E964B.d.8A0FFD7A542B908B59527C5653FCFC91.e.85, name=innerText}]
Capabilities {acceptInsecureCerts: false, browserName: chrome, browserVersion: 127.0.6533.89, chrome: {chromedriverVersion: 127.0.6533.88 (a2d0cb026721..., userDataDir: C:\Users\siddu\AppData\Loca...}, fedcm:accounts: true, goog:chromeOptions: {debuggerAddress: localhost:12817}, networkConnectionEnabled: false, pageLoadStrategy: normal, platformName: windows, proxy: Proxy(), se:cdp: ws://localhost:12817/devtoo..., se:cdpVersion: 127.0.6533.89, setWindowRect: true, strictFileInteractability: false, timeouts: {implicit: 0, pageLoad: 300000, script: 30000}, unhandledPromptBehavior: dismiss and notify, webauthn:extension:credBlob: true, webauthn:extension:largeBlob: true, webauthn:extension:minPinLength: true, webauthn:extension:prf: true, webauthn:virtualAuthenticators: true}
Element: [[ChromeDriver: chrome on windows (ef779a0d5e36b82a3b78f6ecf57610e1)] -&gt; xpath: //div[@id=&apos;main_navbar&apos;]//li//a]
Session ID: ef779a0d5e36b82a3b78f6ecf57610e1
	at org.openqa.selenium.remote.ErrorCodec.decode(ErrorCodec.java:167)
	at org.openqa.selenium.remote.codec.w3c.W3CHttpResponseCodec.decode(W3CHttpResponseCodec.java:138)
	at org.openqa.selenium.remote.codec.w3c.W3CHttpResponseCodec.decode(W3CHttpResponseCodec.java:50)
	at org.openqa.selenium.remote.HttpCommandExecutor.execute(HttpCommandExecutor.java:190)
	at org.openqa.selenium.remote.service.DriverCommandExecutor.invokeExecute(DriverCommandExecutor.java:216)
	at org.openqa.selenium.remote.service.DriverCommandExecutor.execute(DriverCommandExecutor.java:174)
	at org.openqa.selenium.remote.RemoteWebDriver.execute(RemoteWebDriver.java:518)
	at org.openqa.selenium.remote.RemoteWebElement.execute(RemoteWebElement.java:223)
	at org.openqa.selenium.remote.RemoteWebElement.getAttribute(RemoteWebElement.java:149)
	at MyTests.FirstSeleniumScript.aha(FirstSeleniumScript.java:82)
	at java.base/java.util.concurrent.ThreadPoolExecutor.runWorker(ThreadPoolExecutor.java:1136)
	at java.base/java.util.concurrent.ThreadPoolExecutor$Worker.run(ThreadPoolExecutor.java:635)
	at java.base/java.lang.Thread.run(Thread.java:842)
... Removed 17 stack frames
</div> <!-- stack-trace -->
                </div> <!-- method-content -->
              </div> <!-- method -->
              <div class="method">
                <div class="method-content">
                  <a name="aha">
                  </a> <!-- aha -->
                  <span class="method-name">aha</span>
                  <div class="stack-trace">org.openqa.selenium.StaleElementReferenceException: stale element reference: stale element not found
  (Session info: chrome=127.0.6533.89)
For documentation on this error, please visit: https://www.selenium.dev/documentation/webdriver/troubleshooting/errors#stale-element-reference-exception
Build info: version: &apos;4.19.1&apos;, revision: &apos;abe0ee07dc&apos;
System info: os.name: &apos;Windows 10&apos;, os.arch: &apos;amd64&apos;, os.version: &apos;10.0&apos;, java.version: &apos;17.0.11&apos;
Driver info: org.openqa.selenium.chrome.ChromeDriver
Command: [ef779a0d5e36b82a3b78f6ecf57610e1, getElementAttribute {id=f.5184EC56681EB926CD47A332EC6E964B.d.8920497312D969D7B3052C8DC20D86A5.e.46, name=innerText}]
Capabilities {acceptInsecureCerts: false, browserName: chrome, browserVersion: 127.0.6533.89, chrome: {chromedriverVersion: 127.0.6533.88 (a2d0cb026721..., userDataDir: C:\Users\siddu\AppData\Loca...}, fedcm:accounts: true, goog:chromeOptions: {debuggerAddress: localhost:12817}, networkConnectionEnabled: false, pageLoadStrategy: normal, platformName: windows, proxy: Proxy(), se:cdp: ws://localhost:12817/devtoo..., se:cdpVersion: 127.0.6533.89, setWindowRect: true, strictFileInteractability: false, timeouts: {implicit: 0, pageLoad: 300000, script: 30000}, unhandledPromptBehavior: dismiss and notify, webauthn:extension:credBlob: true, webauthn:extension:largeBlob: true, webauthn:extension:minPinLength: true, webauthn:extension:prf: true, webauthn:virtualAuthenticators: true}
Element: [[ChromeDriver: chrome on windows (ef779a0d5e36b82a3b78f6ecf57610e1)] -&gt; xpath: //div[@id=&apos;main_navbar&apos;]//li//a]
Session ID: ef779a0d5e36b82a3b78f6ecf57610e1
	at org.openqa.selenium.remote.ErrorCodec.decode(ErrorCodec.java:167)
	at org.openqa.selenium.remote.codec.w3c.W3CHttpResponseCodec.decode(W3CHttpResponseCodec.java:138)
	at org.openqa.selenium.remote.codec.w3c.W3CHttpResponseCodec.decode(W3CHttpResponseCodec.java:50)
	at org.openqa.selenium.remote.HttpCommandExecutor.execute(HttpCommandExecutor.java:190)
	at org.openqa.selenium.remote.service.DriverCommandExecutor.invokeExecute(DriverCommandExecutor.java:216)
	at org.openqa.selenium.remote.service.DriverCommandExecutor.execute(DriverCommandExecutor.java:174)
	at org.openqa.selenium.remote.RemoteWebDriver.execute(RemoteWebDriver.java:518)
	at org.openqa.selenium.remote.RemoteWebElement.execute(RemoteWebElement.java:223)
	at org.openqa.selenium.remote.RemoteWebElement.getAttribute(RemoteWebElement.java:149)
	at MyTests.FirstSeleniumScript.aha(FirstSeleniumScript.java:82)
	at java.base/java.util.concurrent.ThreadPoolExecutor.runWorker(ThreadPoolExecutor.java:1136)
	at java.base/java.util.concurrent.ThreadPoolExecutor$Worker.run(ThreadPoolExecutor.java:635)
	at java.base/java.lang.Thread.run(Thread.java:842)
... Removed 17 stack frames
</div> <!-- stack-trace -->
                </div> <!-- method-content -->
              </div> <!-- method -->
              <div class="method">
                <div class="method-content">
                  <a name="demo0">
                  </a> <!-- demo0 -->
                  <span class="method-name">demo0</span>
                  <div class="stack-trace">java.lang.AssertionError: The following asserts failed:
	expected [Selenium] but found [Seleniu]
	at MyTests.FirstSeleniumScript.demo0(FirstSeleniumScript.java:23)
	at java.base/java.util.concurrent.ThreadPoolExecutor.runWorker(ThreadPoolExecutor.java:1136)
	at java.base/java.util.concurrent.ThreadPoolExecutor$Worker.run(ThreadPoolExecutor.java:635)
	at java.base/java.lang.Thread.run(Thread.java:842)
... Removed 14 stack frames
</div> <!-- stack-trace -->
                </div> <!-- method-content -->
              </div> <!-- method -->
              <div class="method">
                <div class="method-content">
                  <a name="demo0">
                  </a> <!-- demo0 -->
                  <span class="method-name">demo0</span>
                  <div class="stack-trace">java.lang.AssertionError: The following asserts failed:
	expected [Selenium] but found [Seleniu]
	at MyTests.FirstSeleniumScript.demo0(FirstSeleniumScript.java:23)
	at java.base/java.util.concurrent.ThreadPoolExecutor.runWorker(ThreadPoolExecutor.java:1136)
	at java.base/java.util.concurrent.ThreadPoolExecutor$Worker.run(ThreadPoolExecutor.java:635)
	at java.base/java.lang.Thread.run(Thread.java:842)
... Removed 14 stack frames
</div> <!-- stack-trace -->
                </div> <!-- method-content -->
              </div> <!-- method -->
              <div class="method">
                <div class="method-content">
                  <a name="demo1">
                  </a> <!-- demo1 -->
                  <span class="method-name">demo1</span>
                  <div class="stack-trace">java.lang.AssertionError: expected [8] but found [2]
	at MyTests.FirstSeleniumScript.demo1(FirstSeleniumScript.java:73)
	at java.base/java.util.concurrent.ThreadPoolExecutor.runWorker(ThreadPoolExecutor.java:1136)
	at java.base/java.util.concurrent.ThreadPoolExecutor$Worker.run(ThreadPoolExecutor.java:635)
	at java.base/java.lang.Thread.run(Thread.java:842)
... Removed 18 stack frames
</div> <!-- stack-trace -->
                </div> <!-- method-content -->
              </div> <!-- method -->
              <div class="method">
                <div class="method-content">
                  <a name="demo1">
                  </a> <!-- demo1 -->
                  <span class="method-name">demo1</span>
                  <div class="stack-trace">org.openqa.selenium.StaleElementReferenceException: stale element reference: stale element not found
  (Session info: chrome=127.0.6533.89)
For documentation on this error, please visit: https://www.selenium.dev/documentation/webdriver/troubleshooting/errors#stale-element-reference-exception
Build info: version: &apos;4.19.1&apos;, revision: &apos;abe0ee07dc&apos;
System info: os.name: &apos;Windows 10&apos;, os.arch: &apos;amd64&apos;, os.version: &apos;10.0&apos;, java.version: &apos;17.0.11&apos;
Driver info: org.openqa.selenium.chrome.ChromeDriver
Command: [ef779a0d5e36b82a3b78f6ecf57610e1, clickElement {id=f.5184EC56681EB926CD47A332EC6E964B.d.8920497312D969D7B3052C8DC20D86A5.e.46}]
Capabilities {acceptInsecureCerts: false, browserName: chrome, browserVersion: 127.0.6533.89, chrome: {chromedriverVersion: 127.0.6533.88 (a2d0cb026721..., userDataDir: C:\Users\siddu\AppData\Loca...}, fedcm:accounts: true, goog:chromeOptions: {debuggerAddress: localhost:12817}, networkConnectionEnabled: false, pageLoadStrategy: normal, platformName: windows, proxy: Proxy(), se:cdp: ws://localhost:12817/devtoo..., se:cdpVersion: 127.0.6533.89, setWindowRect: true, strictFileInteractability: false, timeouts: {implicit: 0, pageLoad: 300000, script: 30000}, unhandledPromptBehavior: dismiss and notify, webauthn:extension:credBlob: true, webauthn:extension:largeBlob: true, webauthn:extension:minPinLength: true, webauthn:extension:prf: true, webauthn:virtualAuthenticators: true}
Element: [[ChromeDriver: chrome on windows (ef779a0d5e36b82a3b78f6ecf57610e1)] -&gt; xpath: //a[text()=&apos;About&apos;]]
Session ID: ef779a0d5e36b82a3b78f6ecf57610e1
	at org.openqa.selenium.remote.ErrorCodec.decode(ErrorCodec.java:167)
	at org.openqa.selenium.remote.codec.w3c.W3CHttpResponseCodec.decode(W3CHttpResponseCodec.java:138)
	at org.openqa.selenium.remote.codec.w3c.W3CHttpResponseCodec.decode(W3CHttpResponseCodec.java:50)
	at org.openqa.selenium.remote.HttpCommandExecutor.execute(HttpCommandExecutor.java:190)
	at org.openqa.selenium.remote.service.DriverCommandExecutor.invokeExecute(DriverCommandExecutor.java:216)
	at org.openqa.selenium.remote.service.DriverCommandExecutor.execute(DriverCommandExecutor.java:174)
	at org.openqa.selenium.remote.RemoteWebDriver.execute(RemoteWebDriver.java:518)
	at org.openqa.selenium.remote.RemoteWebElement.execute(RemoteWebElement.java:223)
	at org.openqa.selenium.remote.RemoteWebElement.click(RemoteWebElement.java:76)
	at MyTests.FirstSeleniumScript.demo1(FirstSeleniumScript.java:42)
	at java.base/java.util.concurrent.ThreadPoolExecutor.runWorker(ThreadPoolExecutor.java:1136)
	at java.base/java.util.concurrent.ThreadPoolExecutor$Worker.run(ThreadPoolExecutor.java:635)
	at java.base/java.lang.Thread.run(Thread.java:842)
... Removed 17 stack frames
</div> <!-- stack-trace -->
                </div> <!-- method-content -->
              </div> <!-- method -->
            </div> <!-- main-panel-content rounded-window-bottom -->
          </div> <!-- suite-Parallel_Testing_Suite-class-skipped -->
          <div class="suite-Parallel_Testing_Suite-class-passed">
            <div class="main-panel-header rounded-window-top">
              <img src="passed.png"/>
              <span class="class-name">MyTests.FirstSeleniumScript</span>
            </div> <!-- main-panel-header rounded-window-top -->
            <div class="main-panel-content rounded-window-bottom">
              <div class="method">
                <div class="method-content">
                  <a name="dataProviderTest(Bharath, ATP)">
                  </a> <!-- dataProviderTest(Bharath, ATP) -->
                  <span class="method-name">dataProviderTest</span>
                  <span class="parameters">(Bharath, ATP)</span>
                </div> <!-- method-content -->
              </div> <!-- method -->
              <div class="method">
                <div class="method-content">
                  <a name="dataProviderTest(Sne, ATP)">
                  </a> <!-- dataProviderTest(Sne, ATP) -->
                  <span class="method-name">dataProviderTest</span>
                  <span class="parameters">(Sne, ATP)</span>
                </div> <!-- method-content -->
              </div> <!-- method -->
              <div class="method">
                <div class="method-content">
                  <a name="dataProviderTest(Sreedhar, KNL)">
                  </a> <!-- dataProviderTest(Sreedhar, KNL) -->
                  <span class="method-name">dataProviderTest</span>
                  <span class="parameters">(Sreedhar, KNL)</span>
                </div> <!-- method-content -->
              </div> <!-- method -->
            </div> <!-- main-panel-content rounded-window-bottom -->
          </div> <!-- suite-Parallel_Testing_Suite-class-passed -->
        </div> <!-- panel Parallel_Testing_Suite -->
        <div panel-name="test-xml-Parallel_Testing_Suite" class="panel">
          <div class="main-panel-header rounded-window-top">
            <span class="header-content">C:\Users\siddu\eclipse-workspace\Selenium_Java\src\test\resources\testng.xml</span>
          </div> <!-- main-panel-header rounded-window-top -->
          <div class="main-panel-content rounded-window-bottom">
            <pre>
&lt;?xml version=&quot;1.0&quot; encoding=&quot;UTF-8&quot;?&gt;
&lt;!DOCTYPE suite SYSTEM &quot;https://testng.org/testng-1.0.dtd&quot;&gt;
&lt;suite name=&quot;Parallel Testing Suite&quot; guice-stage=&quot;DEVELOPMENT&quot;&gt;
  &lt;groups&gt;
    &lt;run&gt;
      &lt;exclude name=&quot;complex&quot;/&gt;
    &lt;/run&gt;
  &lt;/groups&gt;
  &lt;groups&gt;
    &lt;run&gt;
      &lt;exclude name=&quot;complex&quot;/&gt;
    &lt;/run&gt;
  &lt;/groups&gt;
  &lt;listeners&gt;
    &lt;listener class-name=&quot;Base.Listeners&quot;/&gt;
    &lt;listener class-name=&quot;Base.RetryListener&quot;/&gt;
  &lt;/listeners&gt;
  &lt;test thread-count=&quot;5&quot; parallel=&quot;methods&quot; name=&quot;Parallel Tests chrome&quot;&gt;
    &lt;parameter name=&quot;browserName&quot; value=&quot;chrome&quot;/&gt;
    &lt;classes&gt;
      &lt;class name=&quot;MyTests.FirstSeleniumScript&quot;/&gt;
    &lt;/classes&gt;
  &lt;/test&gt; &lt;!-- Parallel Tests chrome --&gt;
&lt;/suite&gt; &lt;!-- Parallel Testing Suite --&gt;
            </pre>
          </div> <!-- main-panel-content rounded-window-bottom -->
        </div> <!-- panel -->
        <div panel-name="testlist-Parallel_Testing_Suite" class="panel">
          <div class="main-panel-header rounded-window-top">
            <span class="header-content">Tests for Parallel Testing Suite</span>
          </div> <!-- main-panel-header rounded-window-top -->
          <div class="main-panel-content rounded-window-bottom">
            <ul>
              <li>
                <span class="test-name">Parallel Tests chrome (1 class)</span>
              </li>
            </ul>
          </div> <!-- main-panel-content rounded-window-bottom -->
        </div> <!-- panel -->
        <div panel-name="group-Parallel_Testing_Suite" class="panel">
          <div class="main-panel-header rounded-window-top">
            <span class="header-content">Groups for Parallel Testing Suite</span>
          </div> <!-- main-panel-header rounded-window-top -->
          <div class="main-panel-content rounded-window-bottom">
            <div class="test-group">
              <span class="test-group-name">complexy</span>
              <br/>
              <div class="method-in-group">
                <span class="method-in-group-name">demo1</span>
                <br/>
              </div> <!-- method-in-group -->
            </div> <!-- test-group -->
          </div> <!-- main-panel-content rounded-window-bottom -->
        </div> <!-- panel -->
        <div panel-name="times-Parallel_Testing_Suite" class="panel">
          <div class="main-panel-header rounded-window-top">
            <span class="header-content">Times for Parallel Testing Suite</span>
          </div> <!-- main-panel-header rounded-window-top -->
          <div class="main-panel-content rounded-window-bottom">
            <div class="times-div">
              <script type="text/javascript">
suiteTableInitFunctions.push('tableData_Parallel_Testing_Suite');
function tableData_Parallel_Testing_Suite() {
var data = new google.visualization.DataTable();
data.addColumn('number', 'Number');
data.addColumn('string', 'Method');
data.addColumn('string', 'Class');
data.addColumn('number', 'Time (ms)');
data.addRows(12);
data.setCell(0, 0, 0)
data.setCell(0, 1, 'demo1')
data.setCell(0, 2, 'MyTests.FirstSeleniumScript')
data.setCell(0, 3, 11195);
data.setCell(1, 0, 1)
data.setCell(1, 1, 'demo1')
data.setCell(1, 2, 'MyTests.FirstSeleniumScript')
data.setCell(1, 3, 5412);
data.setCell(2, 0, 2)
data.setCell(2, 1, 'aha')
data.setCell(2, 2, 'MyTests.FirstSeleniumScript')
data.setCell(2, 3, 553);
data.setCell(3, 0, 3)
data.setCell(3, 1, 'aha')
data.setCell(3, 2, 'MyTests.FirstSeleniumScript')
data.setCell(3, 3, 350);
data.setCell(4, 0, 4)
data.setCell(4, 1, 'demo1')
data.setCell(4, 2, 'MyTests.FirstSeleniumScript')
data.setCell(4, 3, 276);
data.setCell(5, 0, 5)
data.setCell(5, 1, 'demo0')
data.setCell(5, 2, 'MyTests.FirstSeleniumScript')
data.setCell(5, 3, 209);
data.setCell(6, 0, 6)
data.setCell(6, 1, 'aha')
data.setCell(6, 2, 'MyTests.FirstSeleniumScript')
data.setCell(6, 3, 185);
data.setCell(7, 0, 7)
data.setCell(7, 1, 'demo0')
data.setCell(7, 2, 'MyTests.FirstSeleniumScript')
data.setCell(7, 3, 85);
data.setCell(8, 0, 8)
data.setCell(8, 1, 'demo0')
data.setCell(8, 2, 'MyTests.FirstSeleniumScript')
data.setCell(8, 3, 25);
data.setCell(9, 0, 9)
data.setCell(9, 1, 'dataProviderTest')
data.setCell(9, 2, 'MyTests.FirstSeleniumScript')
data.setCell(9, 3, 24);
data.setCell(10, 0, 10)
data.setCell(10, 1, 'dataProviderTest')
data.setCell(10, 2, 'MyTests.FirstSeleniumScript')
data.setCell(10, 3, 2);
data.setCell(11, 0, 11)
data.setCell(11, 1, 'dataProviderTest')
data.setCell(11, 2, 'MyTests.FirstSeleniumScript')
data.setCell(11, 3, 1);
window.suiteTableData['Parallel_Testing_Suite']= { tableData: data, tableDiv: 'times-div-Parallel_Testing_Suite'}
return data;
}
              </script>
              <span class="suite-total-time">Total running time: 18 seconds</span>
              <div id="times-div-Parallel_Testing_Suite">
              </div> <!-- times-div-Parallel_Testing_Suite -->
            </div> <!-- times-div -->
          </div> <!-- main-panel-content rounded-window-bottom -->
        </div> <!-- panel -->
        <div panel-name="reporter-Parallel_Testing_Suite" class="panel">
          <div class="main-panel-header rounded-window-top">
            <span class="header-content">Reporter output for Parallel Testing Suite</span>
          </div> <!-- main-panel-header rounded-window-top -->
          <div class="main-panel-content rounded-window-bottom">
          </div> <!-- main-panel-content rounded-window-bottom -->
        </div> <!-- panel -->
        <div panel-name="ignored-methods-Parallel_Testing_Suite" class="panel">
          <div class="main-panel-header rounded-window-top">
            <span class="header-content">0 ignored methods</span>
          </div> <!-- main-panel-header rounded-window-top -->
          <div class="main-panel-content rounded-window-bottom">
          </div> <!-- main-panel-content rounded-window-bottom -->
        </div> <!-- panel -->
        <div panel-name="chronological-Parallel_Testing_Suite" class="panel">
          <div class="main-panel-header rounded-window-top">
            <span class="header-content">Methods in chronological order</span>
          </div> <!-- main-panel-header rounded-window-top -->
          <div class="main-panel-content rounded-window-bottom">
            <div class="chronological-class">
              <div class="chronological-class-name">MyTests.FirstSeleniumScript</div> <!-- chronological-class-name -->
              <div class="configuration-suite before">
                <span class="method-name">intializeExtentReport</span>
                <span class="method-start">0 ms</span>
              </div> <!-- configuration-suite before -->
              <div class="configuration-test before">
                <span class="method-name">launchBrowser(chrome, local)</span>
                <span class="method-start">262 ms</span>
              </div> <!-- configuration-test before -->
              <div class="configuration-method before">
                <span class="method-name">launchApplication</span>
                <span class="method-start">4065 ms</span>
              </div> <!-- configuration-method before -->
              <div class="configuration-method before">
                <span class="method-name">launchApplication</span>
                <span class="method-start">4065 ms</span>
              </div> <!-- configuration-method before -->
              <div class="configuration-method before">
                <span class="method-name">launchApplication</span>
                <span class="method-start">4065 ms</span>
              </div> <!-- configuration-method before -->
              <div class="configuration-method before">
                <span class="method-name">launchApplication</span>
                <span class="method-start">4065 ms</span>
              </div> <!-- configuration-method before -->
              <div class="test-method">
                <span class="method-name">dataProviderTest(Sne, ATP)</span>
                <span class="method-start">4711 ms</span>
              </div> <!-- test-method -->
              <div class="configuration-method after">
                <span class="method-name">checkStatus([TestResult name=dataProviderTest status=SUCCESS method=FirstSeleniumScript.dataProviderTest(java.la...)</span>
                <span class="method-start">4745 ms</span>
              </div> <!-- configuration-method after -->
              <div class="configuration-method before">
                <span class="method-name">launchApplication</span>
                <span class="method-start">4764 ms</span>
              </div> <!-- configuration-method before -->
              <div class="test-method">
                <span class="method-name">aha</span>
                <span class="method-start">4824 ms</span>
              </div> <!-- test-method -->
              <div class="test-method">
                <span class="method-name">demo0</span>
                <span class="method-start">4857 ms</span>
              </div> <!-- test-method -->
              <div class="test-method">
                <span class="method-name">demo1</span>
                <span class="method-start">4952 ms</span>
              </div> <!-- test-method -->
              <div class="test-method">
                <span class="method-name">dataProviderTest(Sreedhar, KNL)</span>
                <span class="method-start">5014 ms</span>
              </div> <!-- test-method -->
              <div class="configuration-method after">
                <span class="method-name">checkStatus([TestResult name=dataProviderTest status=SUCCESS method=FirstSeleniumScript.dataProviderTest(java.la...)</span>
                <span class="method-start">5018 ms</span>
              </div> <!-- configuration-method after -->
              <div class="configuration-method before">
                <span class="method-name">launchApplication</span>
                <span class="method-start">5020 ms</span>
              </div> <!-- configuration-method before -->
              <div class="configuration-method after">
                <span class="method-name">checkStatus([TestResult name=demo0 status=SKIP method=FirstSeleniumScript.demo0()[pri:0, instance:MyTests.FirstS...)</span>
                <span class="method-start">5075 ms</span>
              </div> <!-- configuration-method after -->
              <div class="configuration-method before">
                <span class="method-name">launchApplication</span>
                <span class="method-start">5075 ms</span>
              </div> <!-- configuration-method before -->
              <div class="test-method">
                <span class="method-name">dataProviderTest(Bharath, ATP)</span>
                <span class="method-start">5141 ms</span>
              </div> <!-- test-method -->
              <div class="configuration-method after">
                <span class="method-name">checkStatus([TestResult name=dataProviderTest status=SUCCESS method=FirstSeleniumScript.dataProviderTest(java.la...)</span>
                <span class="method-start">5146 ms</span>
              </div> <!-- configuration-method after -->
              <div class="configuration-method after">
                <span class="method-name">checkStatus([TestResult name=aha status=SKIP method=FirstSeleniumScript.aha()[pri:0, instance:MyTests.FirstSelen...)</span>
                <span class="method-start">5179 ms</span>
              </div> <!-- configuration-method after -->
              <div class="configuration-method before">
                <span class="method-name">launchApplication</span>
                <span class="method-start">5181 ms</span>
              </div> <!-- configuration-method before -->
              <div class="test-method">
                <span class="method-name">demo0</span>
                <span class="method-start">5222 ms</span>
              </div> <!-- test-method -->
              <div class="configuration-method after">
                <span class="method-name">checkStatus([TestResult name=demo1 status=SKIP method=FirstSeleniumScript.demo1()[pri:0, instance:MyTests.FirstS...)</span>
                <span class="method-start">5239 ms</span>
              </div> <!-- configuration-method after -->
              <div class="configuration-method before">
                <span class="method-name">launchApplication</span>
                <span class="method-start">5245 ms</span>
              </div> <!-- configuration-method before -->
              <div class="test-method">
                <span class="method-name">aha</span>
                <span class="method-start">5293 ms</span>
              </div> <!-- test-method -->
              <div class="configuration-method after">
                <span class="method-name">checkStatus([TestResult name=demo0 status=SKIP method=FirstSeleniumScript.demo0()[pri:0, instance:MyTests.FirstS...)</span>
                <span class="method-start">5311 ms</span>
              </div> <!-- configuration-method after -->
              <div class="configuration-method before">
                <span class="method-name">launchApplication</span>
                <span class="method-start">5312 ms</span>
              </div> <!-- configuration-method before -->
              <div class="test-method">
                <span class="method-name">demo1</span>
                <span class="method-start">5368 ms</span>
              </div> <!-- test-method -->
              <div class="test-method">
                <img src="failed.png">
                </img>
                <span class="method-name">demo0</span>
                <span class="method-start">5462 ms</span>
              </div> <!-- test-method -->
              <div class="configuration-method after">
                <span class="method-name">checkStatus([TestResult name=aha status=SKIP method=FirstSeleniumScript.aha()[pri:0, instance:MyTests.FirstSelen...)</span>
                <span class="method-start">5482 ms</span>
              </div> <!-- configuration-method after -->
              <div class="configuration-method before">
                <span class="method-name">launchApplication</span>
                <span class="method-start">5483 ms</span>
              </div> <!-- configuration-method before -->
              <div class="test-method">
                <img src="failed.png">
                </img>
                <span class="method-name">aha</span>
                <span class="method-start">5670 ms</span>
              </div> <!-- test-method -->
              <div class="configuration-method after">
                <span class="method-name">checkStatus([TestResult name=demo0 status=FAILURE method=FirstSeleniumScript.demo0()[pri:0, instance:MyTests.Fir...)</span>
                <span class="method-start">5895 ms</span>
              </div> <!-- configuration-method after -->
              <div class="configuration-method after">
                <span class="method-name">checkStatus([TestResult name=aha status=FAILURE method=FirstSeleniumScript.aha()[pri:0, instance:MyTests.FirstSe...)</span>
                <span class="method-start">6786 ms</span>
              </div> <!-- configuration-method after -->
              <div class="configuration-method after">
                <span class="method-name">checkStatus([TestResult name=demo1 status=SKIP method=FirstSeleniumScript.demo1()[pri:0, instance:MyTests.FirstS...)</span>
                <span class="method-start">16567 ms</span>
              </div> <!-- configuration-method after -->
              <div class="configuration-method before">
                <span class="method-name">launchApplication</span>
                <span class="method-start">16568 ms</span>
              </div> <!-- configuration-method before -->
              <div class="test-method">
                <img src="failed.png">
                </img>
                <span class="method-name">demo1</span>
                <span class="method-start">16663 ms</span>
              </div> <!-- test-method -->
              <div class="configuration-method after">
                <span class="method-name">checkStatus([TestResult name=demo1 status=FAILURE method=FirstSeleniumScript.demo1()[pri:0, instance:MyTests.Fir...)</span>
                <span class="method-start">22245 ms</span>
              </div> <!-- configuration-method after -->
              <div class="configuration-test after">
                <span class="method-name">close</span>
                <span class="method-start">22447 ms</span>
              </div> <!-- configuration-test after -->
              <div class="configuration-suite after">
                <span class="method-name">generateReport</span>
                <span class="method-start">22825 ms</span>
              </div> <!-- configuration-suite after -->
          </div> <!-- main-panel-content rounded-window-bottom -->
        </div> <!-- panel -->
      </div> <!-- main-panel-root -->
    </div> <!-- wrapper -->
  </body>
<script type="text/javascript" src="testng-reports2.js"></script>
</html>
