<?xml version="1.0" encoding="UTF-8"?>
<!-- Generated by org.testng.reporters.JUnitXMLReporter -->
<testsuite ignored="0" hostname="DESKTOP-P53AVDF" failures="1" tests="7" name="Parallel Tests" time="4.749" errors="0" timestamp="2024-04-25T16:20:55 EDT">
  <testcase classname="MyTests.FirstSeleniumScript" name="dataProviderTest" time="0.003"/>
  <testcase classname="MyTests.FirstSeleniumScript" name="demo0" time="0.308">
    <skipped/>
  </testcase> <!-- demo0 -->
  <testcase classname="MyTests.FirstSeleniumScript" name="dataProviderTest" time="0.003"/>
  <testcase classname="MyTests.FirstSeleniumScript" name="dataProviderTest" time="0.002"/>
  <testcase classname="MyTests.FirstSeleniumScript" name="demo0" time="0.169">
    <failure type="java.lang.AssertionError" message="The following asserts failed:
	expected [Selenium] but found [Seleniu]">
      <![CDATA[java.lang.AssertionError: The following asserts failed:
expected [Selenium] but found [Seleniu]
at MyTests.FirstSeleniumScript.demo0(FirstSeleniumScript.java:22)
at java.base/java.util.concurrent.ThreadPoolExecutor.runWorker(ThreadPoolExecutor.java:1136)
at java.base/java.util.concurrent.ThreadPoolExecutor$Worker.run(ThreadPoolExecutor.java:635)
at java.base/java.lang.Thread.run(Thread.java:842)
... Removed 14 stack frames]]>
    </failure>
  </testcase> <!-- demo0 -->
  <testcase classname="MyTests.FirstSeleniumScript" name="aha" time="0.528">
    <skipped/>
  </testcase> <!-- aha -->
  <testcase classname="MyTests.FirstSeleniumScript" name="aha" time="0.509"/>
</testsuite> <!-- Parallel Tests -->
